<?xml version="1.0" encoding="UTF-8"?>
<!-- Generated by org.testng.reporters.JUnitXMLReporter -->
<testsuite hostname="Soumyajit" ignored="0" name="Default test" tests="2" failures="0" timestamp="2022-03-22T18:27:25 IST" time="0.031" errors="0">
  <testcase name="createContact" time="0.005" classname="com.crm.vTiger.testCases.CreateOrganizationTest"/>
  <testcase name="createOrganization" time="0.0" classname="com.crm.vTiger.testCases.CreateOrganizationTest"/>
</testsuite> <!-- Default test -->
