<?xml version="1.0" encoding="UTF-8"?>
<testng-results skipped="0" failed="0" ignored="0" total="2" passed="2">
  <reporter-output>
  </reporter-output>
  <suite name="Default suite" duration-ms="31" started-at="2022-03-22T18:27:25 IST" finished-at="2022-03-22T18:27:25 IST">
    <groups>
    </groups>
    <test name="Default test" duration-ms="31" started-at="2022-03-22T18:27:25 IST" finished-at="2022-03-22T18:27:25 IST">
      <class name="com.crm.vTiger.testCases.CreateOrganizationTest">
        <test-method status="PASS" signature="createContact()[pri:0, instance:com.crm.vTiger.testCases.CreateOrganizationTest@8646db9]" name="createContact" duration-ms="5" started-at="2022-03-22T18:27:25 IST" finished-at="2022-03-22T18:27:25 IST">
          <reporter-output>
          </reporter-output>
        </test-method> <!-- createContact -->
        <test-method status="PASS" signature="createOrganization()[pri:0, instance:com.crm.vTiger.testCases.CreateOrganizationTest@8646db9]" name="createOrganization" duration-ms="0" started-at="2022-03-22T18:27:25 IST" finished-at="2022-03-22T18:27:25 IST">
          <reporter-output>
          </reporter-output>
        </test-method> <!-- createOrganization -->
      </class> <!-- com.crm.vTiger.testCases.CreateOrganizationTest -->
    </test> <!-- Default test -->
  </suite> <!-- Default suite -->
</testng-results>
